<?xml version="1.0" encoding="UTF-8"?>
<coverage generated="1708255112151" clover="3.2.0">
  <project timestamp="1708255112151" name="All files">
    <metrics statements="8" coveredstatements="8" conditionals="0" coveredconditionals="0" methods="1" coveredmethods="1" elements="9" coveredelements="9" complexity="0" loc="8" ncloc="8" packages="1" files="1" classes="1"/>
    <file name="userService.js" path="C:\Users\takam\login_revision\src\data\userService.js">
      <metrics statements="8" coveredstatements="8" conditionals="0" coveredconditionals="0" methods="1" coveredmethods="1"/>
      <line num="3" count="1" type="stmt"/>
      <line num="6" count="2" type="stmt"/>
      <line num="7" count="2" type="stmt"/>
      <line num="8" count="2" type="stmt"/>
      <line num="9" count="1" type="stmt"/>
      <line num="11" count="1" type="stmt"/>
      <line num="12" count="1" type="stmt"/>
      <line num="16" count="1" type="stmt"/>
    </file>
  </project>
</coverage>
