{"C:\\Users\\takam\\login_revision\\src\\data\\userService.js": {"path":"C:\\Users\\takam\\login_revision\\src\\data\\userService.js","statementMap":{"0":{"start":{"line":3,"column":13},"end":{"line":3,"column":29}},"1":{"start":{"line":6,"column":4},"end":{"line":13,"column":5}},"2":{"start":{"line":7,"column":22},"end":{"line":7,"column":94}},"3":{"start":{"line":8,"column":23},"end":{"line":8,"column":55}},"4":{"start":{"line":9,"column":8},"end":{"line":9,"column":30}},"5":{"start":{"line":11,"column":8},"end":{"line":11,"column":44}},"6":{"start":{"line":12,"column":8},"end":{"line":12,"column":20}},"7":{"start":{"line":16,"column":0},"end":{"line":16,"column":32}}},"fnMap":{"0":{"name":"getUserByField","decl":{"start":{"line":5,"column":15},"end":{"line":5,"column":29}},"loc":{"start":{"line":5,"column":48},"end":{"line":14,"column":1}},"line":5}},"branchMap":{},"s":{"0":1,"1":2,"2":2,"3":2,"4":1,"5":1,"6":1,"7":1},"f":{"0":2},"b":{},"_coverageSchema":"1a1c01bbd47fc00a2c39e90264f33305004495a9","hash":"dd5396169afab23ce7bc6cf3ac48d09be3e730a9"}
}
